[17:58:35] [ServerMain/INFO]: [bootstrap] Running Java 21 (OpenJDK 64-Bit Server VM 21.0.5+11-LTS; Eclipse Adoptium Temurin-21.0.5+11) on Windows 11 10.0 (amd64)
[17:58:35] [ServerMain/INFO]: [bootstrap] Loading Paper 1.21.6-48-main@4d854e6 (2025-06-30T09:48:37Z) for Minecraft 1.21.6
[17:58:36] [ServerMain/INFO]: [PluginInitializerManager] Initializing plugins...
[17:58:36] [Paper Plugin Remapper Thread - 2/INFO]: [PluginRemapper] Remapping plugin 'C:\Users\andre\Desktop\VideoPlayerPlugin-Paper-1.21.6\build\libs\VideoPlayerPlugin-Paper-1.21.6-1.0.0.jar'...
[17:58:36] [Paper Plugin Remapper Thread - 2/INFO]: [PluginRemapper] Done remapping plugin 'C:\Users\andre\Desktop\VideoPlayerPlugin-Paper-1.21.6\build\libs\VideoPlayerPlugin-Paper-1.21.6-1.0.0.jar' in 394ms.
[17:58:36] [ServerMain/INFO]: [PluginInitializerManager] Initialized 1 plugin
[17:58:36] [ServerMain/INFO]: [PluginInitializerManager] Bukkit plugins (1):
 - VideoPlayerPlugin (1.0.0)
[17:58:42] [ServerMain/INFO]: Environment: Environment[sessionHost=https://sessionserver.mojang.com, servicesHost=https://api.minecraftservices.com, name=PROD]
[17:58:42] [ServerMain/INFO]: Found new data pack file/bukkit, loading it automatically
[17:58:42] [ServerMain/INFO]: Found new data pack paper, loading it automatically
[17:58:43] [ServerMain/INFO]: No existing world data, creating new world
[17:58:43] [ServerMain/INFO]: Loaded 1407 recipes
[17:58:43] [ServerMain/INFO]: Loaded 1520 advancements
[17:58:43] [ServerMain/INFO]: [ca.spottedleaf.dataconverter.minecraft.datatypes.MCTypeRegistry] Initialising converters for DataConverter...
[17:58:44] [ServerMain/INFO]: [ca.spottedleaf.dataconverter.minecraft.datatypes.MCTypeRegistry] Finished initialising converters for DataConverter in 366.7ms
[17:58:44] [Server thread/INFO]: Starting minecraft server version 1.21.6
[17:58:44] [Server thread/INFO]: Loading properties
[17:58:44] [Server thread/INFO]: This server is running Paper version 1.21.6-48-main@4d854e6 (2025-06-30T09:48:37Z) (Implementing API version 1.21.6-R0.1-SNAPSHOT)
[17:58:44] [Server thread/INFO]: [spark] This server bundles the spark profiler. For more information please visit https://docs.papermc.io/paper/profiling
[17:58:44] [Server thread/INFO]: Server Ping Player Sample Count: 12
[17:58:44] [Server thread/INFO]: Using 4 threads for Netty based IO
[17:58:45] [Server thread/INFO]: [MoonriseCommon] Paper is using 4 worker threads, 1 I/O threads
[17:58:45] [Server thread/INFO]: [ChunkTaskScheduler] Chunk system is using population gen parallelism: true
[17:58:45] [Server thread/INFO]: Default game type: SURVIVAL
[17:58:45] [Server thread/INFO]: Generating keypair
[17:58:45] [Server thread/INFO]: Starting Minecraft server on *:25565
[17:58:45] [Server thread/INFO]: Using default channel type
[17:58:45] [Server thread/INFO]: Paper: Using Java compression from Velocity.
[17:58:45] [Server thread/INFO]: Paper: Using Java cipher from Velocity.
[17:58:45] [Server thread/INFO]: [VideoPlayerPlugin] Loading server plugin VideoPlayerPlugin v1.0.0
[17:58:45] [Server thread/INFO]: Preparing level "world"
[17:58:49] [Server thread/INFO]: Preparing start region for dimension minecraft:overworld
[17:58:49] [Server thread/INFO]: Preparing spawn area: 0%
[17:58:49] [Server thread/INFO]: Preparing spawn area: 2%
[17:58:50] [Server thread/INFO]: Preparing spawn area: 18%
[17:58:51] [Server thread/INFO]: Preparing spawn area: 51%
[17:58:51] [Server thread/INFO]: Preparing spawn area: 51%
[17:58:51] [Server thread/INFO]: Time elapsed: 2070 ms
[17:58:51] [Server thread/INFO]: Preparing start region for dimension minecraft:the_nether
[17:58:51] [Server thread/INFO]: Preparing spawn area: 2%
[17:58:51] [Server thread/INFO]: Preparing spawn area: 73%
[17:58:51] [Server thread/INFO]: Time elapsed: 516 ms
[17:58:51] [Server thread/INFO]: Preparing start region for dimension minecraft:the_end
[17:58:51] [Server thread/INFO]: Preparing spawn area: 2%
[17:58:52] [Server thread/INFO]: Time elapsed: 152 ms
[17:58:52] [Server thread/INFO]: [VideoPlayerPlugin] Enabling VideoPlayerPlugin v1.0.0
[17:58:52] [Server thread/INFO]: [VideoPlayerPlugin] VideoPlayerPlugin initializing...
[17:58:52] [Server thread/INFO]: [VideoPlayerPlugin] VideoPlayerPlugin initialized!
[17:58:52] [Server thread/INFO]: [spark] Starting background profiler...
[17:58:52] [Server thread/INFO]: [spark] The async-profiler engine is not supported for your os/arch (windows11/amd64), so the built-in Java engine will be used instead.
[17:58:52] [Server thread/INFO]: Done preparing level "world" (6.657s)
[17:58:52] [Server thread/INFO]: Running delayed init tasks
[17:58:52] [Server thread/INFO]: Done (18.017s)! For help, type "help"
[17:58:52] [Server thread/INFO]: *************************************************************************************
[17:58:52] [Server thread/INFO]: This is the first time you're starting this server.
[17:58:52] [Server thread/INFO]: It's recommended you read our 'Getting Started' documentation for guidance.
[17:58:52] [Server thread/INFO]: View this and more helpful information here: https://docs.papermc.io/paper/next-steps
[17:58:52] [Server thread/INFO]: *************************************************************************************
